This is pdfTeX, Version 3.141592653-2.6-1.40.25 (TeX Live 2023) (preloaded format=pdflatex 2023.4.4)  21 JAN 2024 21:33
entering extended mode
 restricted \write18 enabled.
 file:line:error style messages enabled.
 %&-line parsing enabled.
**"/Users/sid/Documents/Uni/Course/Year 4/Machine Vision and Human Machine Interaction/MV-and-HMI/Coursework/Report/MV-HMI_Report.tex"
(/Users/sid/Documents/Uni/Course/Year 4/Machine Vision and Human Machine Interaction/MV-and-HMI/Coursework/Report/MV-HMI_Report.tex
LaTeX2e <2022-11-01> patch level 1
L3 programming layer <2023-02-22> (./IEEEtran.cls
Document Class: IEEEtran 2015/08/26 V1.8b by Michael Shell
-- See the "IEEEtran_HOWTO" manual for usage information.
-- http://www.michaelshell.org/tex/ieeetran/
\@IEEEtrantmpdimenA=\dimen140
\@IEEEtrantmpdimenB=\dimen141
\@IEEEtrantmpdimenC=\dimen142
\@IEEEtrantmpcountA=\count185
\@IEEEtrantmpcountB=\count186
\@IEEEtrantmpcountC=\count187
\@IEEEtrantmptoksA=\toks16
LaTeX Font Info:    Trying to load font information for OT1+ptm on input line 503.
(/usr/local/texlive/2023/texmf-dist/tex/latex/psnfss/ot1ptm.fd
File: ot1ptm.fd 2001/06/04 font definitions for OT1/ptm.
)
-- Using 8.5in x 11in (letter) paper.
-- Using PDF output.
\@IEEEnormalsizeunitybaselineskip=\dimen143
-- This is a 9 point document.
\CLASSINFOnormalsizebaselineskip=\dimen144
\CLASSINFOnormalsizeunitybaselineskip=\dimen145
\IEEEnormaljot=\dimen146
LaTeX Font Info:    Font shape `OT1/ptm/bx/n' in size <5> not available
(Font)              Font shape `OT1/ptm/b/n' tried instead on input line 1090.
LaTeX Font Info:    Font shape `OT1/ptm/bx/it' in size <5> not available
(Font)              Font shape `OT1/ptm/b/it' tried instead on input line 1090.
LaTeX Font Info:    Font shape `OT1/ptm/bx/n' in size <7> not available
(Font)              Font shape `OT1/ptm/b/n' tried instead on input line 1090.
LaTeX Font Info:    Font shape `OT1/ptm/bx/it' in size <7> not available
(Font)              Font shape `OT1/ptm/b/it' tried instead on input line 1090.
LaTeX Font Info:    Font shape `OT1/ptm/bx/n' in size <8> not available
(Font)              Font shape `OT1/ptm/b/n' tried instead on input line 1090.
LaTeX Font Info:    Font shape `OT1/ptm/bx/it' in size <8> not available
(Font)              Font shape `OT1/ptm/b/it' tried instead on input line 1090.
LaTeX Font Info:    Font shape `OT1/ptm/bx/n' in size <8.5> not available
(Font)              Font shape `OT1/ptm/b/n' tried instead on input line 1090.
LaTeX Font Info:    Font shape `OT1/ptm/bx/it' in size <8.5> not available
(Font)              Font shape `OT1/ptm/b/it' tried instead on input line 1090.
LaTeX Font Info:    Font shape `OT1/ptm/bx/n' in size <9> not available
(Font)              Font shape `OT1/ptm/b/n' tried instead on input line 1090.
LaTeX Font Info:    Font shape `OT1/ptm/bx/it' in size <9> not available
(Font)              Font shape `OT1/ptm/b/it' tried instead on input line 1090.
LaTeX Font Info:    Font shape `OT1/ptm/bx/n' in size <10> not available
(Font)              Font shape `OT1/ptm/b/n' tried instead on input line 1090.
LaTeX Font Info:    Font shape `OT1/ptm/bx/it' in size <10> not available
(Font)              Font shape `OT1/ptm/b/it' tried instead on input line 1090.
LaTeX Font Info:    Font shape `OT1/ptm/bx/n' in size <14> not available
(Font)              Font shape `OT1/ptm/b/n' tried instead on input line 1090.
LaTeX Font Info:    Font shape `OT1/ptm/bx/it' in size <14> not available
(Font)              Font shape `OT1/ptm/b/it' tried instead on input line 1090.
LaTeX Font Info:    Font shape `OT1/ptm/bx/n' in size <17> not available
(Font)              Font shape `OT1/ptm/b/n' tried instead on input line 1090.
LaTeX Font Info:    Font shape `OT1/ptm/bx/it' in size <17> not available
(Font)              Font shape `OT1/ptm/b/it' tried instead on input line 1090.
LaTeX Font Info:    Font shape `OT1/ptm/bx/n' in size <20> not available
(Font)              Font shape `OT1/ptm/b/n' tried instead on input line 1090.
LaTeX Font Info:    Font shape `OT1/ptm/bx/it' in size <20> not available
(Font)              Font shape `OT1/ptm/b/it' tried instead on input line 1090.
\IEEEquantizedlength=\dimen147
\IEEEquantizedlengthdiff=\dimen148
\IEEEquantizedtextheightdiff=\dimen149
\IEEEilabelindentA=\dimen150
\IEEEilabelindentB=\dimen151
\IEEEilabelindent=\dimen152
\IEEEelabelindent=\dimen153
\IEEEdlabelindent=\dimen154
\IEEElabelindent=\dimen155
\IEEEiednormlabelsep=\dimen156
\IEEEiedmathlabelsep=\dimen157
\IEEEiedtopsep=\skip48
\c@section=\count188
\c@subsection=\count189
\c@subsubsection=\count190
\c@paragraph=\count191
\c@IEEEsubequation=\count192
\abovecaptionskip=\skip49
\belowcaptionskip=\skip50
\c@figure=\count193
\c@table=\count194
\@IEEEeqnnumcols=\count195
\@IEEEeqncolcnt=\count196
\@IEEEsubeqnnumrollback=\count197
\@IEEEquantizeheightA=\dimen158
\@IEEEquantizeheightB=\dimen159
\@IEEEquantizeheightC=\dimen160
\@IEEEquantizeprevdepth=\dimen161
\@IEEEquantizemultiple=\count198
\@IEEEquantizeboxA=\box51
\@IEEEtmpitemindent=\dimen162
\IEEEPARstartletwidth=\dimen163
\c@IEEEbiography=\count199
\@IEEEtranrubishbin=\box52
) (/usr/local/texlive/2023/texmf-dist/tex/latex/cite/cite.sty
LaTeX Info: Redefining \cite on input line 302.
LaTeX Info: Redefining \nocite on input line 332.
Package: cite 2015/02/27  v 5.5
) (/usr/local/texlive/2023/texmf-dist/tex/latex/graphics/graphicx.sty
Package: graphicx 2021/09/16 v1.2d Enhanced LaTeX Graphics (DPC,SPQR)
 (/usr/local/texlive/2023/texmf-dist/tex/latex/graphics/keyval.sty
Package: keyval 2022/05/29 v1.15 key=value parser (DPC)
\KV@toks@=\toks17
) (/usr/local/texlive/2023/texmf-dist/tex/latex/graphics/graphics.sty
Package: graphics 2022/03/10 v1.4e Standard LaTeX Graphics (DPC,SPQR)
 (/usr/local/texlive/2023/texmf-dist/tex/latex/graphics/trig.sty
Package: trig 2021/08/11 v1.11 sin cos tan (DPC)
) (/usr/local/texlive/2023/texmf-dist/tex/latex/graphics-cfg/graphics.cfg
File: graphics.cfg 2016/06/04 v1.11 sample graphics configuration
)
Package graphics Info: Driver file: pdftex.def on input line 107.
 (/usr/local/texlive/2023/texmf-dist/tex/latex/graphics-def/pdftex.def
File: pdftex.def 2022/09/22 v1.2b Graphics/color driver for pdftex
))
\Gin@req@height=\dimen164
\Gin@req@width=\dimen165
) (/usr/local/texlive/2023/texmf-dist/tex/latex/enumitem/enumitem.sty
Package: enumitem 2019/06/20 v3.9 Customized lists
\labelindent=\skip51
\enit@outerparindent=\dimen166
\enit@toks=\toks18
\enit@inbox=\box53
\enit@count@id=\count266
\enitdp@description=\count267
) (/usr/local/texlive/2023/texmf-dist/tex/latex/siunitx/siunitx.sty
Package: siunitx 2023-03-04 v3.2.2 A comprehensive (SI) units package
\l__siunitx_angle_tmp_dim=\dimen167
\l__siunitx_angle_marker_box=\box54
\l__siunitx_angle_unit_box=\box55
\l__siunitx_compound_count_int=\count268
 (/usr/local/texlive/2023/texmf-dist/tex/latex/translations/translations.sty
Package: translations 2022/02/05 v1.12 internationalization of LaTeX2e packages (CN)
 (/usr/local/texlive/2023/texmf-dist/tex/latex/etoolbox/etoolbox.sty
Package: etoolbox 2020/10/05 v2.5k e-TeX tools for LaTeX (JAW)
\etb@tempcnta=\count269
) (/usr/local/texlive/2023/texmf-dist/tex/generic/pdftexcmds/pdftexcmds.sty
Package: pdftexcmds 2020-06-27 v0.33 Utility functions of pdfTeX for LuaTeX (HO)
 (/usr/local/texlive/2023/texmf-dist/tex/generic/infwarerr/infwarerr.sty
Package: infwarerr 2019/12/03 v1.5 Providing info/warning/error messages (HO)
) (/usr/local/texlive/2023/texmf-dist/tex/generic/iftex/iftex.sty
Package: iftex 2022/02/03 v1.0f TeX engine tests
) (/usr/local/texlive/2023/texmf-dist/tex/generic/ltxcmds/ltxcmds.sty
Package: ltxcmds 2020-05-10 v1.25 LaTeX kernel commands for general use (HO)
)
Package pdftexcmds Info: \pdf@primitive is available.
Package pdftexcmds Info: \pdf@ifprimitive is available.
Package pdftexcmds Info: \pdfdraftmode found.
))
\l__siunitx_number_exponent_fixed_int=\count270
\l__siunitx_number_min_decimal_int=\count271
\l__siunitx_number_min_integer_int=\count272
\l__siunitx_number_round_precision_int=\count273
\l__siunitx_number_lower_threshold_int=\count274
\l__siunitx_number_upper_threshold_int=\count275
\l__siunitx_number_group_first_int=\count276
\l__siunitx_number_group_size_int=\count277
\l__siunitx_number_group_minimum_int=\count278
 (/usr/local/texlive/2023/texmf-dist/tex/latex/amsmath/amstext.sty
Package: amstext 2021/08/26 v2.01 AMS text
 (/usr/local/texlive/2023/texmf-dist/tex/latex/amsmath/amsgen.sty
File: amsgen.sty 1999/11/30 v2.0 generic functions
\@emptytoks=\toks19
\ex@=\dimen168
))
\l__siunitx_table_tmp_box=\box56
\l__siunitx_table_tmp_dim=\dimen169
\l__siunitx_table_column_width_dim=\dimen170
\l__siunitx_table_integer_box=\box57
\l__siunitx_table_decimal_box=\box58
\l__siunitx_table_uncert_box=\box59
\l__siunitx_table_before_box=\box60
\l__siunitx_table_after_box=\box61
\l__siunitx_table_before_dim=\dimen171
\l__siunitx_table_carry_dim=\dimen172
\l__siunitx_unit_tmp_int=\count279
\l__siunitx_unit_position_int=\count280
\l__siunitx_unit_total_int=\count281
 (/usr/local/texlive/2023/texmf-dist/tex/latex/tools/array.sty
Package: array 2022/09/04 v2.5g Tabular extension package (FMi)
\col@sep=\dimen173
\ar@mcellbox=\box62
\extrarowheight=\dimen174
\NC@list=\toks20
\extratabsurround=\skip52
\backup@length=\skip53
\ar@cellbox=\box63
)) (/usr/local/texlive/2023/texmf-dist/tex/latex/listings/listings.sty
\lst@mode=\count282
\lst@gtempboxa=\box64
\lst@token=\toks21
\lst@length=\count283
\lst@currlwidth=\dimen175
\lst@column=\count284
\lst@pos=\count285
\lst@lostspace=\dimen176
\lst@width=\dimen177
\lst@newlines=\count286
\lst@lineno=\count287
\lst@maxwidth=\dimen178
 (/usr/local/texlive/2023/texmf-dist/tex/latex/listings/lstmisc.sty
File: lstmisc.sty 2023/02/27 1.9 (Carsten Heinz)
\c@lstnumber=\count288
\lst@skipnumbers=\count289
\lst@framebox=\box65
) (/usr/local/texlive/2023/texmf-dist/tex/latex/listings/listings.cfg
File: listings.cfg 2023/02/27 1.9 listings configuration
))
Package: listings 2023/02/27 1.9 (Carsten Heinz)
Package translations Info: No language package found. I am going to use `english' as default language. on input line 10.
 (/usr/local/texlive/2023/texmf-dist/tex/latex/l3backend/l3backend-pdftex.def
File: l3backend-pdftex.def 2023-01-16 L3 backend support: PDF output (pdfTeX)
\l__color_backend_stack_int=\count290
\l__pdf_internal_box=\box66
) (./MV-HMI_Report.aux)
\openout1 = `MV-HMI_Report.aux'.

LaTeX Font Info:    Checking defaults for OML/cmm/m/it on input line 10.
LaTeX Font Info:    ... okay on input line 10.
LaTeX Font Info:    Checking defaults for OMS/cmsy/m/n on input line 10.
LaTeX Font Info:    ... okay on input line 10.
LaTeX Font Info:    Checking defaults for OT1/cmr/m/n on input line 10.
LaTeX Font Info:    ... okay on input line 10.
LaTeX Font Info:    Checking defaults for T1/cmr/m/n on input line 10.
LaTeX Font Info:    ... okay on input line 10.
LaTeX Font Info:    Checking defaults for TS1/cmr/m/n on input line 10.
LaTeX Font Info:    ... okay on input line 10.
LaTeX Font Info:    Checking defaults for OMX/cmex/m/n on input line 10.
LaTeX Font Info:    ... okay on input line 10.
LaTeX Font Info:    Checking defaults for U/cmr/m/n on input line 10.
LaTeX Font Info:    ... okay on input line 10.

-- Lines per column: 61 (exact).
(/usr/local/texlive/2023/texmf-dist/tex/context/base/mkii/supp-pdf.mkii
[Loading MPS to PDF converter (version 2006.09.02).]
\scratchcounter=\count291
\scratchdimen=\dimen179
\scratchbox=\box67
\nofMPsegments=\count292
\nofMParguments=\count293
\everyMPshowfont=\toks22
\MPscratchCnt=\count294
\MPscratchDim=\dimen180
\MPnumerator=\count295
\makeMPintoPDFobject=\count296
\everyMPtoPDFconversion=\toks23
) (/usr/local/texlive/2023/texmf-dist/tex/latex/epstopdf-pkg/epstopdf-base.sty
Package: epstopdf-base 2020-01-24 v2.11 Base part for package epstopdf
Package epstopdf-base Info: Redefining graphics rule for `.eps' on input line 485.
 (/usr/local/texlive/2023/texmf-dist/tex/latex/latexconfig/epstopdf-sys.cfg
File: epstopdf-sys.cfg 2010/07/13 v1.3 Configuration of (r)epstopdf for TeX Live
)) (/usr/local/texlive/2023/texmf-dist/tex/latex/graphics/color.sty
Package: color 2022/01/06 v1.3d Standard LaTeX Color (DPC)
 (/usr/local/texlive/2023/texmf-dist/tex/latex/graphics-cfg/color.cfg
File: color.cfg 2016/01/02 v1.6 sample color configuration
)
Package color Info: Driver file: pdftex.def on input line 149.
 (/usr/local/texlive/2023/texmf-dist/tex/latex/graphics/mathcolor.ltx)) (/usr/local/texlive/2023/texmf-dist/tex/latex/translations/translations-basic-dictionary-english.trsl
File: translations-basic-dictionary-english.trsl (english translation file `translations-basic-dictionary')
)
Package translations Info: loading dictionary `translations-basic-dictionary' for `english'. on input line 10.
\c@lstlisting=\count297


LaTeX Warning: No \author given.


LaTeX Warning: No \author given.


LaTeX Warning: No \author given.

[1{/usr/local/texlive/2023/texmf-var/fonts/map/pdftex/updmap/pdftex.map}{/usr/local/texlive/2023/texmf-dist/fonts/enc/dvips/base/8r.enc}


]
<assets/lane-detection-flow.png, id=10, 594.22pt x 574.145pt>
File: assets/lane-detection-flow.png Graphic file (type png)
<use assets/lane-detection-flow.png>
Package pdftex.def Info: assets/lane-detection-flow.png  used on input line 54.
(pdftex.def)             Requested size: 258.0pt x 249.2955pt.
<assets/LDS_plot.png, id=12, 979.2585pt x 552.8655pt>
File: assets/LDS_plot.png Graphic file (type png)
<use assets/LDS_plot.png>
Package pdftex.def Info: assets/LDS_plot.png  used on input line 62.
(pdftex.def)             Requested size: 258.0pt x 145.65662pt.
 [2 <./assets/lane-detection-flow.png> <./assets/LDS_plot.png>]
<assets/LD_Avg-FPT.png, id=18, 1159.167pt x 581.007pt>
File: assets/LD_Avg-FPT.png Graphic file (type png)
<use assets/LD_Avg-FPT.png>
Package pdftex.def Info: assets/LD_Avg-FPT.png  used on input line 74.
(pdftex.def)             Requested size: 258.0pt x 129.31133pt.
<assets/LD_Avg-LPV.png, id=19, 1159.167pt x 581.007pt>
File: assets/LD_Avg-LPV.png Graphic file (type png)
<use assets/LD_Avg-LPV.png>
Package pdftex.def Info: assets/LD_Avg-LPV.png  used on input line 80.
(pdftex.def)             Requested size: 258.0pt x 129.31133pt.
LaTeX Font Info:    External font `cmex10' loaded for size
(Font)              <9> on input line 85.
LaTeX Font Info:    External font `cmex10' loaded for size
(Font)              <6> on input line 85.
LaTeX Font Info:    External font `cmex10' loaded for size
(Font)              <5> on input line 85.
LaTeX Font Info:    Trying to load font information for TS1+ptm on input line 85.
 (/usr/local/texlive/2023/texmf-dist/tex/latex/psnfss/ts1ptm.fd
File: ts1ptm.fd 2001/06/04 font definitions for TS1/ptm.
)
<assets/eye-detection-flow.png, id=20, 594.22pt x 574.145pt>
File: assets/eye-detection-flow.png Graphic file (type png)
<use assets/eye-detection-flow.png>
Package pdftex.def Info: assets/eye-detection-flow.png  used on input line 94.
(pdftex.def)             Requested size: 258.0pt x 249.2955pt.
 [3 <./assets/LD_Avg-FPT.png> <./assets/LD_Avg-LPV.png>]
<assets/gaze-detection.png, id=28, 1358.57562pt x 435.12563pt>
File: assets/gaze-detection.png Graphic file (type png)
<use assets/gaze-detection.png>
Package pdftex.def Info: assets/gaze-detection.png  used on input line 106.
(pdftex.def)             Requested size: 258.0pt x 82.62825pt.
<assets/Eye_Avg-FPT.png, id=29, 1159.167pt x 581.007pt>
File: assets/Eye_Avg-FPT.png Graphic file (type png)
<use assets/Eye_Avg-FPT.png>
Package pdftex.def Info: assets/Eye_Avg-FPT.png  used on input line 112.
(pdftex.def)             Requested size: 258.0pt x 129.31133pt.
<assets/Gagan-eye.png, id=30, 410.53375pt x 348.30125pt>
File: assets/Gagan-eye.png Graphic file (type png)
<use assets/Gagan-eye.png>
Package pdftex.def Info: assets/Gagan-eye.png  used on input line 120.
(pdftex.def)             Requested size: 258.0pt x 218.88885pt.
 [4 <./assets/eye-detection-flow.png> <./assets/gaze-detection.png> <./assets/Eye_Avg-FPT.png> <./assets/Gagan-eye.png>] [5]
Underfull \hbox (badness 2894) in paragraph at lines 165--166
[]\OT1/ptm/m/n/9 Intuitiveness: Sim-plic-ity and straight-for-ward guid-ance are
 []

<assets/arrow-demo.png, id=41, 1188.44pt x 594.22pt>
File: assets/arrow-demo.png Graphic file (type png)
<use assets/arrow-demo.png>
Package pdftex.def Info: assets/arrow-demo.png  used on input line 182.
(pdftex.def)             Requested size: 258.0pt x 128.997pt.
<assets/car-demo.png, id=42, 469.755pt x 240.9pt>
File: assets/car-demo.png Graphic file (type png)
<use assets/car-demo.png>
Package pdftex.def Info: assets/car-demo.png  used on input line 188.
(pdftex.def)             Requested size: 258.0pt x 132.30792pt.
[6 <./assets/arrow-demo.png> <./assets/car-demo.png>]
Underfull \vbox (badness 4995) has occurred while \output is active []

 [7]
Underfull \hbox (badness 10000) in paragraph at lines 230--231
[]\OT1/ptm/m/n/8 "Lane de-par-ture warn-ing sys-tem," Wikipedia,
 []


Underfull \hbox (badness 4144) in paragraph at lines 232--233
[]\OT1/ptm/m/n/8 "Press cor-ner," Eu-ro-pean Com-mis-sion - Eu-ro-pean Com-mis-sion,
 []


Underfull \hbox (badness 10000) in paragraph at lines 232--233
\OT1/ptm/m/n/8 https://ec.europa.eu/commission/presscorner/detail/en/ip[]22[]4312
 []


Underfull \hbox (badness 2753) in paragraph at lines 238--239
[]\OT1/ptm/m/n/8 A. R, \Hough trans-forms in im-age pro-cess-ing," Scaler Top-ics,
 []


Underfull \hbox (badness 10000) in paragraph at lines 238--239
\OT1/ptm/m/n/8 https://www.scaler.com/topics/hough-transform-in-image-processing/
 []


Underfull \hbox (badness 10000) in paragraph at lines 244--245
[]\OT1/ptm/m/n/8 RideScapes, \ASMR high-way driv-ing at night (no talk-
 []


Underfull \hbox (badness 10000) in paragraph at lines 244--245
\OT1/ptm/m/n/8 ing, no mu-sic) - bu-san to Seoul, Ko-rea," YouTube,
 []


Underfull \hbox (badness 10000) in paragraph at lines 244--245
\OT1/ptm/m/n/8 https://www.youtube.com/watch?v=nABR88G[]2cE (ac-cessed Dec.
 []


Underfull \hbox (badness 10000) in paragraph at lines 246--247
[]\OT1/ptm/m/n/8 A. Rose-brock, \Zero-parameter, au-to-matic canny edge
 []


Underfull \hbox (badness 10000) in paragraph at lines 246--247
\OT1/ptm/m/n/8 de-tec-tion with python and opencv," Py-Im-age-Search,
 []


Underfull \hbox (badness 10000) in paragraph at lines 246--247
\OT1/ptm/m/n/8 https://pyimagesearch.com/2015/04/06/zero-parameter-automatic-
 []


Underfull \hbox (badness 10000) in paragraph at lines 246--247
\OT1/ptm/m/n/8 canny-edge-detection-with-python-and-opencv/ (ac-cessed Dec. 30,
 []


Underfull \hbox (badness 10000) in paragraph at lines 248--249
[]\OT1/ptm/m/n/8 \Hough Line trans-form," OpenCV, https://docs.opencv.org/3.4/d9
 []


Underfull \hbox (badness 10000) in paragraph at lines 250--251
[]\OT1/ptm/m/n/8 \Driver mon-i-tor-ing sys-tem," Wikipedia,
 []


Underfull \hbox (badness 10000) in paragraph at lines 250--251
\OT1/ptm/m/n/8 https://en.wikipedia.org/wiki/Driver[]monitoring[]system (ac-cessed
 []


Underfull \hbox (badness 3179) in paragraph at lines 256--257
[]\OT1/ptm/m/n/8 \Trained 68-Point Fa-cial Land-mark Model," Dlib C++ Li-brary,
 []


Underfull \hbox (badness 10000) in paragraph at lines 256--257
\OT1/ptm/m/n/8 http://dlib.net/files/shape[]predictor[]68[]face[]landmarks.dat.bz2
 []


Underfull \hbox (badness 10000) in paragraph at lines 258--259
\OT1/ptm/m/n/8 Geeks-forGeeks, https://www.geeksforgeeks.org/eye-blink-detection-
 []


Underfull \hbox (badness 10000) in paragraph at lines 260--261
[]\OT1/ptm/m/n/8 \CV::Simpleblobdetector class ref-er-ence," OpenCV,
 []


Underfull \hbox (badness 10000) in paragraph at lines 260--261
\OT1/ptm/m/n/8 https://docs.opencv.org/3.4/d0/d7a/classcv[]1[]1SimpleBlobDetector.html
 []


Underfull \hbox (badness 10000) in paragraph at lines 264--265
\OT1/ptm/m/n/8 Gaze," GitHub, https://github.com/GagandeepMalhotra/Building-a-
 []


Underfull \hbox (badness 10000) in paragraph at lines 266--267
\OT1/ptm/m/n/8 releases/how-audis-light-digitization-is-pointing-the-way-toward-the-
 []


Underfull \hbox (badness 1881) in paragraph at lines 268--269
[]\OT1/ptm/m/n/8 M. Dil-lon, \White Noise vs. Brown noise: Which one is best
 []


Underfull \hbox (badness 10000) in paragraph at lines 270--271
[]\OT1/ptm/m/n/8 Passport BMW, \How to per-fume the in-te-rior
 []


Underfull \hbox (badness 10000) in paragraph at lines 270--271
\OT1/ptm/m/n/8 of a BMW with Am-bi-ent Air Pack-age," BMW,
 []


Underfull \hbox (badness 10000) in paragraph at lines 270--271
\OT1/ptm/m/n/8 https://www.passportbmw.com/blogs/846/uncategorized/how-to-
 []


Underfull \hbox (badness 10000) in paragraph at lines 270--271
\OT1/ptm/m/n/8 perfume-the-interior-of-a-bmw-with-ambient-air-package/ (ac-cessed
 []


Underfull \hbox (badness 2401) in paragraph at lines 272--273
\OT1/ptm/m/n/8 WebMD, https://www.webmd.com/sleep-disorders/features/best-scents-
 []


Underfull \hbox (badness 2027) in paragraph at lines 280--281
\OT1/ptm/m/n/8 eye-tracking tech-nol-ogy to check driver at-ten-tive-ness could help
 []


Underfull \hbox (badness 10000) in paragraph at lines 280--281
\OT1/ptm/m/n/8 to sur-vey, https://www.prnewswire.com/apac/news-releases/majority-
 []


Underfull \hbox (badness 10000) in paragraph at lines 280--281
\OT1/ptm/m/n/8 of-uk-road-users-believe-new-eye-tracking-technology-to-check-driver-
 []


Underfull \hbox (badness 10000) in paragraph at lines 280--281
\OT1/ptm/m/n/8 attentiveness-could-help-improve-road-safety-but-public-awareness-
 []


Underfull \hbox (badness 6510) in paragraph at lines 280--281
\OT1/ptm/m/n/8 remains-low-according-to-survey-301838223.html (ac-cessed Jan. 4,
 []


Underfull \hbox (badness 10000) in paragraph at lines 282--283
[]\OT1/ptm/m/n/8 A. Rose-brock, \OPENCV shape de-tec-tion," Py-Im-age-Search,
 []


Underfull \hbox (badness 10000) in paragraph at lines 282--283
\OT1/ptm/m/n/8 https://pyimagesearch.com/2016/02/08/opencv-shape-detection/
 []


Underfull \hbox (badness 10000) in paragraph at lines 286--287
[]\OT1/ptm/m/n/8 H. I. Adikari, \His-hanIn-dra-jith/Ar-
 []


Underfull \hbox (badness 10000) in paragraph at lines 286--287
\OT1/ptm/m/n/8 rowDi-rec-tion-PythonOpenCV," GitHub,
 []


Underfull \hbox (badness 10000) in paragraph at lines 286--287
\OT1/ptm/m/n/8 https://github.com/HishanIndrajith/ArrowDirectionPythonOpenCV
 []

(/usr/local/texlive/2023/texmf-dist/tex/latex/listings/lstlang1.sty
File: lstlang1.sty 2023/02/27 1.9 listings language file
) (./code/lane.py [8]
LaTeX Font Info:    Trying to load font information for OMS+ptm on input line 59.
 (/usr/local/texlive/2023/texmf-dist/tex/latex/psnfss/omsptm.fd
File: omsptm.fd 
)
LaTeX Font Info:    Font shape `OMS/ptm/m/it' in size <5> not available
(Font)              Font shape `OMS/cmsy/m/n' tried instead on input line 59.
LaTeX Font Info:    Trying to load font information for OML+ptm on input line 129.
 (/usr/local/texlive/2023/texmf-dist/tex/latex/psnfss/omlptm.fd
File: omlptm.fd 
)
LaTeX Font Info:    Font shape `OML/ptm/m/n' in size <5> not available
(Font)              Font shape `OML/cmm/m/it' tried instead on input line 129.

Underfull \vbox (badness 10000) has occurred while \output is active []


Underfull \vbox (badness 10000) has occurred while \output is active []

 [9]
Underfull \vbox (badness 10000) has occurred while \output is active []

) (./code/eyes.py [10]
Underfull \vbox (badness 10000) has occurred while \output is active []


Underfull \vbox (badness 10000) has occurred while \output is active []

 [11]) (./code/requirements.txt)

** Conference Paper **
Before submitting the final camera ready copy, remember to:

 1. Manually equalize the lengths of two columns on the last page
 of your paper;

 2. Ensure that any PostScript and/or PDF output post-processing
 uses only Type 1 fonts and that every step in the generation
 process uses the appropriate paper size.

[12] (./MV-HMI_Report.aux) ) 
Here is how much of TeX's memory you used:
 9267 strings out of 476025
 202607 string characters out of 5790018
 3092388 words of memory out of 5000000
 29639 multiletter control sequences out of 15000+600000
 546473 words of font info for 90 fonts, out of 8000000 for 9000
 1141 hyphenation exceptions out of 8191
 73i,8n,77p,1832b,1866s stack positions out of 10000i,1000n,20000p,200000b,200000s
</usr/local/texlive/2023/texmf-dist/fonts/type1/public/amsfonts/cm/cmmi5.pfb></usr/local/texlive/2023/texmf-dist/fonts/type1/public/amsfonts/cm/cmmi9.pfb></usr/local/texlive/2023/texmf-dist/fonts/type1/public/amsfonts/cm/cmr9.pfb></usr/local/texlive/2023/texmf-dist/fonts/type1/public/amsfonts/cm/cmsy5.pfb></usr/local/texlive/2023/texmf-dist/fonts/type1/urw/times/utmb8a.pfb></usr/local/texlive/2023/texmf-dist/fonts/type1/urw/times/utmbi8a.pfb></usr/local/texlive/2023/texmf-dist/fonts/type1/urw/times/utmr8a.pfb></usr/local/texlive/2023/texmf-dist/fonts/type1/urw/times/utmri8a.pfb>
Output written on MV-HMI_Report.pdf (12 pages, 2930817 bytes).
PDF statistics:
 105 PDF objects out of 1000 (max. 8388607)
 54 compressed objects within 1 object stream
 0 named destinations out of 1000 (max. 500000)
 51 words of extra memory for PDF output out of 10000 (max. 10000000)

