This is pdfTeX, Version 3.141592653-2.6-1.40.25 (TeX Live 2023) (preloaded format=pdflatex 2023.4.4)  5 JAN 2024 00:07
entering extended mode
 restricted \write18 enabled.
 file:line:error style messages enabled.
 %&-line parsing enabled.
**"/Users/sid/Documents/Uni/Course/Year 4/Machine Vision and Human Machine Interaction/MV-and-HMI/Coursework/Report/Y3890959_MV-HMI_Report.tex"
(/Users/sid/Documents/Uni/Course/Year 4/Machine Vision and Human Machine Interaction/MV-and-HMI/Coursework/Report/Y3890959_MV-HMI_Report.tex
LaTeX2e <2022-11-01> patch level 1
L3 programming layer <2023-02-22> (./IEEEtran.cls
Document Class: IEEEtran 2015/08/26 V1.8b by Michael Shell
-- See the "IEEEtran_HOWTO" manual for usage information.
-- http://www.michaelshell.org/tex/ieeetran/
\@IEEEtrantmpdimenA=\dimen140
\@IEEEtrantmpdimenB=\dimen141
\@IEEEtrantmpdimenC=\dimen142
\@IEEEtrantmpcountA=\count185
\@IEEEtrantmpcountB=\count186
\@IEEEtrantmpcountC=\count187
\@IEEEtrantmptoksA=\toks16
LaTeX Font Info:    Trying to load font information for OT1+ptm on input line 503.
(/usr/local/texlive/2023/texmf-dist/tex/latex/psnfss/ot1ptm.fd
File: ot1ptm.fd 2001/06/04 font definitions for OT1/ptm.
)
-- Using 8.5in x 11in (letter) paper.
-- Using PDF output.
\@IEEEnormalsizeunitybaselineskip=\dimen143
-- This is a 10 point document.
\CLASSINFOnormalsizebaselineskip=\dimen144
\CLASSINFOnormalsizeunitybaselineskip=\dimen145
\IEEEnormaljot=\dimen146
LaTeX Font Info:    Font shape `OT1/ptm/bx/n' in size <5> not available
(Font)              Font shape `OT1/ptm/b/n' tried instead on input line 1090.
LaTeX Font Info:    Font shape `OT1/ptm/bx/it' in size <5> not available
(Font)              Font shape `OT1/ptm/b/it' tried instead on input line 1090.
LaTeX Font Info:    Font shape `OT1/ptm/bx/n' in size <7> not available
(Font)              Font shape `OT1/ptm/b/n' tried instead on input line 1090.
LaTeX Font Info:    Font shape `OT1/ptm/bx/it' in size <7> not available
(Font)              Font shape `OT1/ptm/b/it' tried instead on input line 1090.
LaTeX Font Info:    Font shape `OT1/ptm/bx/n' in size <8> not available
(Font)              Font shape `OT1/ptm/b/n' tried instead on input line 1090.
LaTeX Font Info:    Font shape `OT1/ptm/bx/it' in size <8> not available
(Font)              Font shape `OT1/ptm/b/it' tried instead on input line 1090.
LaTeX Font Info:    Font shape `OT1/ptm/bx/n' in size <9> not available
(Font)              Font shape `OT1/ptm/b/n' tried instead on input line 1090.
LaTeX Font Info:    Font shape `OT1/ptm/bx/it' in size <9> not available
(Font)              Font shape `OT1/ptm/b/it' tried instead on input line 1090.
LaTeX Font Info:    Font shape `OT1/ptm/bx/n' in size <10> not available
(Font)              Font shape `OT1/ptm/b/n' tried instead on input line 1090.
LaTeX Font Info:    Font shape `OT1/ptm/bx/it' in size <10> not available
(Font)              Font shape `OT1/ptm/b/it' tried instead on input line 1090.
LaTeX Font Info:    Font shape `OT1/ptm/bx/n' in size <11> not available
(Font)              Font shape `OT1/ptm/b/n' tried instead on input line 1090.
LaTeX Font Info:    Font shape `OT1/ptm/bx/it' in size <11> not available
(Font)              Font shape `OT1/ptm/b/it' tried instead on input line 1090.
LaTeX Font Info:    Font shape `OT1/ptm/bx/n' in size <12> not available
(Font)              Font shape `OT1/ptm/b/n' tried instead on input line 1090.
LaTeX Font Info:    Font shape `OT1/ptm/bx/it' in size <12> not available
(Font)              Font shape `OT1/ptm/b/it' tried instead on input line 1090.
LaTeX Font Info:    Font shape `OT1/ptm/bx/n' in size <17> not available
(Font)              Font shape `OT1/ptm/b/n' tried instead on input line 1090.
LaTeX Font Info:    Font shape `OT1/ptm/bx/it' in size <17> not available
(Font)              Font shape `OT1/ptm/b/it' tried instead on input line 1090.
LaTeX Font Info:    Font shape `OT1/ptm/bx/n' in size <20> not available
(Font)              Font shape `OT1/ptm/b/n' tried instead on input line 1090.
LaTeX Font Info:    Font shape `OT1/ptm/bx/it' in size <20> not available
(Font)              Font shape `OT1/ptm/b/it' tried instead on input line 1090.
LaTeX Font Info:    Font shape `OT1/ptm/bx/n' in size <24> not available
(Font)              Font shape `OT1/ptm/b/n' tried instead on input line 1090.
LaTeX Font Info:    Font shape `OT1/ptm/bx/it' in size <24> not available
(Font)              Font shape `OT1/ptm/b/it' tried instead on input line 1090.
\IEEEquantizedlength=\dimen147
\IEEEquantizedlengthdiff=\dimen148
\IEEEquantizedtextheightdiff=\dimen149
\IEEEilabelindentA=\dimen150
\IEEEilabelindentB=\dimen151
\IEEEilabelindent=\dimen152
\IEEEelabelindent=\dimen153
\IEEEdlabelindent=\dimen154
\IEEElabelindent=\dimen155
\IEEEiednormlabelsep=\dimen156
\IEEEiedmathlabelsep=\dimen157
\IEEEiedtopsep=\skip48
\c@section=\count188
\c@subsection=\count189
\c@subsubsection=\count190
\c@paragraph=\count191
\c@IEEEsubequation=\count192
\abovecaptionskip=\skip49
\belowcaptionskip=\skip50
\c@figure=\count193
\c@table=\count194
\@IEEEeqnnumcols=\count195
\@IEEEeqncolcnt=\count196
\@IEEEsubeqnnumrollback=\count197
\@IEEEquantizeheightA=\dimen158
\@IEEEquantizeheightB=\dimen159
\@IEEEquantizeheightC=\dimen160
\@IEEEquantizeprevdepth=\dimen161
\@IEEEquantizemultiple=\count198
\@IEEEquantizeboxA=\box51
\@IEEEtmpitemindent=\dimen162
\IEEEPARstartletwidth=\dimen163
\c@IEEEbiography=\count199
\@IEEEtranrubishbin=\box52
)
** ATTENTION: Overriding command lockouts (line 2).
(/usr/local/texlive/2023/texmf-dist/tex/latex/cite/cite.sty
LaTeX Info: Redefining \cite on input line 302.
LaTeX Info: Redefining \nocite on input line 332.
Package: cite 2015/02/27  v 5.5
) (/usr/local/texlive/2023/texmf-dist/tex/latex/amsmath/amsmath.sty
Package: amsmath 2022/04/08 v2.17n AMS math features
\@mathmargin=\skip51

For additional information on amsmath, use the `?' option.
(/usr/local/texlive/2023/texmf-dist/tex/latex/amsmath/amstext.sty
Package: amstext 2021/08/26 v2.01 AMS text
 (/usr/local/texlive/2023/texmf-dist/tex/latex/amsmath/amsgen.sty
File: amsgen.sty 1999/11/30 v2.0 generic functions
\@emptytoks=\toks17
\ex@=\dimen164
)) (/usr/local/texlive/2023/texmf-dist/tex/latex/amsmath/amsbsy.sty
Package: amsbsy 1999/11/29 v1.2d Bold Symbols
\pmbraise@=\dimen165
) (/usr/local/texlive/2023/texmf-dist/tex/latex/amsmath/amsopn.sty
Package: amsopn 2022/04/08 v2.04 operator names
)
\inf@bad=\count266
LaTeX Info: Redefining \frac on input line 234.
\uproot@=\count267
\leftroot@=\count268
LaTeX Info: Redefining \overline on input line 399.
LaTeX Info: Redefining \colon on input line 410.
\classnum@=\count269
\DOTSCASE@=\count270
LaTeX Info: Redefining \ldots on input line 496.
LaTeX Info: Redefining \dots on input line 499.
LaTeX Info: Redefining \cdots on input line 620.
\Mathstrutbox@=\box53
\strutbox@=\box54
LaTeX Info: Redefining \big on input line 722.
LaTeX Info: Redefining \Big on input line 723.
LaTeX Info: Redefining \bigg on input line 724.
LaTeX Info: Redefining \Bigg on input line 725.
\big@size=\dimen166
LaTeX Font Info:    Redeclaring font encoding OML on input line 743.
LaTeX Font Info:    Redeclaring font encoding OMS on input line 744.
\macc@depth=\count271
LaTeX Info: Redefining \bmod on input line 905.
LaTeX Info: Redefining \pmod on input line 910.
LaTeX Info: Redefining \smash on input line 940.
LaTeX Info: Redefining \relbar on input line 970.
LaTeX Info: Redefining \Relbar on input line 971.
\c@MaxMatrixCols=\count272
\dotsspace@=\muskip16
\c@parentequation=\count273
\dspbrk@lvl=\count274
\tag@help=\toks18
\row@=\count275
\column@=\count276
\maxfields@=\count277
\andhelp@=\toks19
\eqnshift@=\dimen167
\alignsep@=\dimen168
\tagshift@=\dimen169
\tagwidth@=\dimen170
\totwidth@=\dimen171
\lineht@=\dimen172
\@envbody=\toks20
\multlinegap=\skip52
\multlinetaggap=\skip53
\mathdisplay@stack=\toks21
LaTeX Info: Redefining \[ on input line 2953.
LaTeX Info: Redefining \] on input line 2954.
) (/usr/local/texlive/2023/texmf-dist/tex/latex/amsfonts/amssymb.sty
Package: amssymb 2013/01/14 v3.01 AMS font symbols
 (/usr/local/texlive/2023/texmf-dist/tex/latex/amsfonts/amsfonts.sty
Package: amsfonts 2013/01/14 v3.01 Basic AMSFonts support
\symAMSa=\mathgroup4
\symAMSb=\mathgroup5
LaTeX Font Info:    Redeclaring math symbol \hbar on input line 98.
LaTeX Font Info:    Overwriting math alphabet `\mathfrak' in version `bold'
(Font)                  U/euf/m/n --> U/euf/b/n on input line 106.
)) (/usr/local/texlive/2023/texmf-dist/tex/latex/algorithms/algorithmic.sty
Package: algorithmic 2009/08/24 v0.1 Document Style `algorithmic'
 (/usr/local/texlive/2023/texmf-dist/tex/latex/base/ifthen.sty
Package: ifthen 2022/04/13 v1.1d Standard LaTeX ifthen package (DPC)
) (/usr/local/texlive/2023/texmf-dist/tex/latex/graphics/keyval.sty
Package: keyval 2022/05/29 v1.15 key=value parser (DPC)
\KV@toks@=\toks22
)
\c@ALC@unique=\count278
\c@ALC@line=\count279
\c@ALC@rem=\count280
\c@ALC@depth=\count281
\ALC@tlm=\skip54
\algorithmicindent=\skip55
) (/usr/local/texlive/2023/texmf-dist/tex/latex/graphics/graphicx.sty
Package: graphicx 2021/09/16 v1.2d Enhanced LaTeX Graphics (DPC,SPQR)
 (/usr/local/texlive/2023/texmf-dist/tex/latex/graphics/graphics.sty
Package: graphics 2022/03/10 v1.4e Standard LaTeX Graphics (DPC,SPQR)
 (/usr/local/texlive/2023/texmf-dist/tex/latex/graphics/trig.sty
Package: trig 2021/08/11 v1.11 sin cos tan (DPC)
) (/usr/local/texlive/2023/texmf-dist/tex/latex/graphics-cfg/graphics.cfg
File: graphics.cfg 2016/06/04 v1.11 sample graphics configuration
)
Package graphics Info: Driver file: pdftex.def on input line 107.
 (/usr/local/texlive/2023/texmf-dist/tex/latex/graphics-def/pdftex.def
File: pdftex.def 2022/09/22 v1.2b Graphics/color driver for pdftex
))
\Gin@req@height=\dimen173
\Gin@req@width=\dimen174
) (/usr/local/texlive/2023/texmf-dist/tex/latex/base/textcomp.sty
Package: textcomp 2020/02/02 v2.0n Standard LaTeX package
) (/usr/local/texlive/2023/texmf-dist/tex/latex/xcolor/xcolor.sty
Package: xcolor 2022/06/12 v2.14 LaTeX color extensions (UK)
 (/usr/local/texlive/2023/texmf-dist/tex/latex/graphics-cfg/color.cfg
File: color.cfg 2016/01/02 v1.6 sample color configuration
)
Package xcolor Info: Driver file: pdftex.def on input line 227.
 (/usr/local/texlive/2023/texmf-dist/tex/latex/graphics/mathcolor.ltx)
Package xcolor Info: Model `cmy' substituted by `cmy0' on input line 1353.
Package xcolor Info: Model `hsb' substituted by `rgb' on input line 1357.
Package xcolor Info: Model `RGB' extended on input line 1369.
Package xcolor Info: Model `HTML' substituted by `rgb' on input line 1371.
Package xcolor Info: Model `Hsb' substituted by `hsb' on input line 1372.
Package xcolor Info: Model `tHsb' substituted by `hsb' on input line 1373.
Package xcolor Info: Model `HSB' substituted by `hsb' on input line 1374.
Package xcolor Info: Model `Gray' substituted by `gray' on input line 1375.
Package xcolor Info: Model `wave' substituted by `hsb' on input line 1376.
) (/usr/local/texlive/2023/texmf-dist/tex/latex/enumitem/enumitem.sty
Package: enumitem 2019/06/20 v3.9 Customized lists
\labelindent=\skip56
\enit@outerparindent=\dimen175
\enit@toks=\toks23
\enit@inbox=\box55
\enit@count@id=\count282
\enitdp@description=\count283
) (/usr/local/texlive/2023/texmf-dist/tex/latex/siunitx/siunitx.sty
Package: siunitx 2023-03-04 v3.2.2 A comprehensive (SI) units package
\l__siunitx_angle_tmp_dim=\dimen176
\l__siunitx_angle_marker_box=\box56
\l__siunitx_angle_unit_box=\box57
\l__siunitx_compound_count_int=\count284
 (/usr/local/texlive/2023/texmf-dist/tex/latex/translations/translations.sty
Package: translations 2022/02/05 v1.12 internationalization of LaTeX2e packages (CN)
 (/usr/local/texlive/2023/texmf-dist/tex/latex/etoolbox/etoolbox.sty
Package: etoolbox 2020/10/05 v2.5k e-TeX tools for LaTeX (JAW)
\etb@tempcnta=\count285
) (/usr/local/texlive/2023/texmf-dist/tex/generic/pdftexcmds/pdftexcmds.sty
Package: pdftexcmds 2020-06-27 v0.33 Utility functions of pdfTeX for LuaTeX (HO)
 (/usr/local/texlive/2023/texmf-dist/tex/generic/infwarerr/infwarerr.sty
Package: infwarerr 2019/12/03 v1.5 Providing info/warning/error messages (HO)
) (/usr/local/texlive/2023/texmf-dist/tex/generic/iftex/iftex.sty
Package: iftex 2022/02/03 v1.0f TeX engine tests
) (/usr/local/texlive/2023/texmf-dist/tex/generic/ltxcmds/ltxcmds.sty
Package: ltxcmds 2020-05-10 v1.25 LaTeX kernel commands for general use (HO)
)
Package pdftexcmds Info: \pdf@primitive is available.
Package pdftexcmds Info: \pdf@ifprimitive is available.
Package pdftexcmds Info: \pdfdraftmode found.
))
\l__siunitx_number_exponent_fixed_int=\count286
\l__siunitx_number_min_decimal_int=\count287
\l__siunitx_number_min_integer_int=\count288
\l__siunitx_number_round_precision_int=\count289
\l__siunitx_number_lower_threshold_int=\count290
\l__siunitx_number_upper_threshold_int=\count291
\l__siunitx_number_group_first_int=\count292
\l__siunitx_number_group_size_int=\count293
\l__siunitx_number_group_minimum_int=\count294
\l__siunitx_table_tmp_box=\box58
\l__siunitx_table_tmp_dim=\dimen177
\l__siunitx_table_column_width_dim=\dimen178
\l__siunitx_table_integer_box=\box59
\l__siunitx_table_decimal_box=\box60
\l__siunitx_table_uncert_box=\box61
\l__siunitx_table_before_box=\box62
\l__siunitx_table_after_box=\box63
\l__siunitx_table_before_dim=\dimen179
\l__siunitx_table_carry_dim=\dimen180
\l__siunitx_unit_tmp_int=\count295
\l__siunitx_unit_position_int=\count296
\l__siunitx_unit_total_int=\count297
 (/usr/local/texlive/2023/texmf-dist/tex/latex/tools/array.sty
Package: array 2022/09/04 v2.5g Tabular extension package (FMi)
\col@sep=\dimen181
\ar@mcellbox=\box64
\extrarowheight=\dimen182
\NC@list=\toks24
\extratabsurround=\skip57
\backup@length=\skip58
\ar@cellbox=\box65
)) (/usr/local/texlive/2023/texmf-dist/tex/latex/listings/listings.sty
\lst@mode=\count298
\lst@gtempboxa=\box66
\lst@token=\toks25
\lst@length=\count299
\lst@currlwidth=\dimen183
\lst@column=\count300
\lst@pos=\count301
\lst@lostspace=\dimen184
\lst@width=\dimen185
\lst@newlines=\count302
\lst@lineno=\count303
\lst@maxwidth=\dimen186
 (/usr/local/texlive/2023/texmf-dist/tex/latex/listings/lstmisc.sty
File: lstmisc.sty 2023/02/27 1.9 (Carsten Heinz)
\c@lstnumber=\count304
\lst@skipnumbers=\count305
\lst@framebox=\box67
) (/usr/local/texlive/2023/texmf-dist/tex/latex/listings/listings.cfg
File: listings.cfg 2023/02/27 1.9 listings configuration
))
Package: listings 2023/02/27 1.9 (Carsten Heinz)
Package translations Info: No language package found. I am going to use `english' as default language. on input line 15.
 (/usr/local/texlive/2023/texmf-dist/tex/latex/l3backend/l3backend-pdftex.def
File: l3backend-pdftex.def 2023-01-16 L3 backend support: PDF output (pdfTeX)
\l__color_backend_stack_int=\count306
\l__pdf_internal_box=\box68
) (./Y3890959_MV-HMI_Report.aux)
\openout1 = `Y3890959_MV-HMI_Report.aux'.

LaTeX Font Info:    Checking defaults for OML/cmm/m/it on input line 15.
LaTeX Font Info:    ... okay on input line 15.
LaTeX Font Info:    Checking defaults for OMS/cmsy/m/n on input line 15.
LaTeX Font Info:    ... okay on input line 15.
LaTeX Font Info:    Checking defaults for OT1/cmr/m/n on input line 15.
LaTeX Font Info:    ... okay on input line 15.
LaTeX Font Info:    Checking defaults for T1/cmr/m/n on input line 15.
LaTeX Font Info:    ... okay on input line 15.
LaTeX Font Info:    Checking defaults for TS1/cmr/m/n on input line 15.
LaTeX Font Info:    ... okay on input line 15.
LaTeX Font Info:    Checking defaults for OMX/cmex/m/n on input line 15.
LaTeX Font Info:    ... okay on input line 15.
LaTeX Font Info:    Checking defaults for U/cmr/m/n on input line 15.
LaTeX Font Info:    ... okay on input line 15.

-- Lines per column: 56 (exact).
(/usr/local/texlive/2023/texmf-dist/tex/context/base/mkii/supp-pdf.mkii
[Loading MPS to PDF converter (version 2006.09.02).]
\scratchcounter=\count307
\scratchdimen=\dimen187
\scratchbox=\box69
\nofMPsegments=\count308
\nofMParguments=\count309
\everyMPshowfont=\toks26
\MPscratchCnt=\count310
\MPscratchDim=\dimen188
\MPnumerator=\count311
\makeMPintoPDFobject=\count312
\everyMPtoPDFconversion=\toks27
) (/usr/local/texlive/2023/texmf-dist/tex/latex/epstopdf-pkg/epstopdf-base.sty
Package: epstopdf-base 2020-01-24 v2.11 Base part for package epstopdf
Package epstopdf-base Info: Redefining graphics rule for `.eps' on input line 485.
 (/usr/local/texlive/2023/texmf-dist/tex/latex/latexconfig/epstopdf-sys.cfg
File: epstopdf-sys.cfg 2010/07/13 v1.3 Configuration of (r)epstopdf for TeX Live
)) (/usr/local/texlive/2023/texmf-dist/tex/latex/translations/translations-basic-dictionary-english.trsl
File: translations-basic-dictionary-english.trsl (english translation file `translations-basic-dictionary')
)
Package translations Info: loading dictionary `translations-basic-dictionary' for `english'. on input line 15.
\c@lstlisting=\count313
 [1{/usr/local/texlive/2023/texmf-var/fonts/map/pdftex/updmap/pdftex.map}{/usr/local/texlive/2023/texmf-dist/fonts/enc/dvips/base/8r.enc}


]
<assets/lane-detection-flow.png, id=10, 594.22pt x 574.145pt>
File: assets/lane-detection-flow.png Graphic file (type png)
<use assets/lane-detection-flow.png>
Package pdftex.def Info: assets/lane-detection-flow.png  used on input line 66.
(pdftex.def)             Requested size: 258.0pt x 249.2955pt.
<assets/LDS_plot.png, id=12, 979.2585pt x 552.8655pt>
File: assets/LDS_plot.png Graphic file (type png)
<use assets/LDS_plot.png>
Package pdftex.def Info: assets/LDS_plot.png  used on input line 74.
(pdftex.def)             Requested size: 258.0pt x 145.65662pt.
 [2 <./assets/lane-detection-flow.png> <./assets/LDS_plot.png>]
<assets/LD_Avg-FPT.png, id=18, 1159.167pt x 581.007pt>
File: assets/LD_Avg-FPT.png Graphic file (type png)
<use assets/LD_Avg-FPT.png>
Package pdftex.def Info: assets/LD_Avg-FPT.png  used on input line 86.
(pdftex.def)             Requested size: 258.0pt x 129.31133pt.
<assets/LD_Avg-LPV.png, id=19, 1159.167pt x 581.007pt>
File: assets/LD_Avg-LPV.png Graphic file (type png)
<use assets/LD_Avg-LPV.png>
Package pdftex.def Info: assets/LD_Avg-LPV.png  used on input line 92.
(pdftex.def)             Requested size: 258.0pt x 129.31133pt.
LaTeX Font Info:    Trying to load font information for U+msa on input line 97.
 (/usr/local/texlive/2023/texmf-dist/tex/latex/amsfonts/umsa.fd
File: umsa.fd 2013/01/14 v3.01 AMS symbols A
)
LaTeX Font Info:    Trying to load font information for U+msb on input line 97.
 (/usr/local/texlive/2023/texmf-dist/tex/latex/amsfonts/umsb.fd
File: umsb.fd 2013/01/14 v3.01 AMS symbols B
)
LaTeX Font Info:    Trying to load font information for TS1+ptm on input line 97.
 (/usr/local/texlive/2023/texmf-dist/tex/latex/psnfss/ts1ptm.fd
File: ts1ptm.fd 2001/06/04 font definitions for TS1/ptm.
) [3 <./assets/LD_Avg-FPT.png> <./assets/LD_Avg-LPV.png>]
<assets/eye-detection-flow.png, id=27, 594.22pt x 574.145pt>
File: assets/eye-detection-flow.png Graphic file (type png)
<use assets/eye-detection-flow.png>
Package pdftex.def Info: assets/eye-detection-flow.png  used on input line 106.
(pdftex.def)             Requested size: 258.0pt x 249.2955pt.
<assets/gaze-detection.png, id=28, 1358.57562pt x 435.12563pt>
File: assets/gaze-detection.png Graphic file (type png)
<use assets/gaze-detection.png>
Package pdftex.def Info: assets/gaze-detection.png  used on input line 118.
(pdftex.def)             Requested size: 258.0pt x 82.62825pt.
<assets/Eye_Avg-FPT.png, id=29, 1159.167pt x 581.007pt>
File: assets/Eye_Avg-FPT.png Graphic file (type png)
<use assets/Eye_Avg-FPT.png>
Package pdftex.def Info: assets/Eye_Avg-FPT.png  used on input line 124.
(pdftex.def)             Requested size: 258.0pt x 129.31133pt.
 [4 <./assets/eye-detection-flow.png> <./assets/gaze-detection.png>]
<assets/Gagan-eye.png, id=35, 410.53375pt x 348.30125pt>
File: assets/Gagan-eye.png Graphic file (type png)
<use assets/Gagan-eye.png>
Package pdftex.def Info: assets/Gagan-eye.png  used on input line 132.
(pdftex.def)             Requested size: 258.0pt x 218.88885pt.

Underfull \hbox (badness 2368) in paragraph at lines 147--148
\OT1/ptm/m/n/10 driver as-sis-tance sys-tem can au-tonomously set the
 []

[5 <./assets/Eye_Avg-FPT.png> <./assets/Gagan-eye.png>]
Underfull \hbox (badness 10000) in paragraph at lines 161--162
[]\OT1/ptm/m/n/8 "Lane de-par-ture warn-ing sys-tem," Wikipedia,
 []


Underfull \hbox (badness 3907) in paragraph at lines 163--164
[]\OT1/ptm/m/n/8 "Press cor-ner," Eu-ro-pean Com-mis-sion - Eu-ro-pean Com-mis-sion,
 []


Underfull \hbox (badness 10000) in paragraph at lines 163--164
\OT1/ptm/m/n/8 https://ec.europa.eu/commission/presscorner/detail/en/ip[]22[]4312
 []


Underfull \hbox (badness 2608) in paragraph at lines 169--170
[]\OT1/ptm/m/n/8 A. R, \Hough trans-forms in im-age pro-cess-ing," Scaler Top-ics,
 []


Underfull \hbox (badness 10000) in paragraph at lines 169--170
\OT1/ptm/m/n/8 https://www.scaler.com/topics/hough-transform-in-image-processing/
 []


Underfull \hbox (badness 10000) in paragraph at lines 175--176
[]\OT1/ptm/m/n/8 RideScapes, \ASMR high-way driv-ing at night (no talk-
 []


Underfull \hbox (badness 10000) in paragraph at lines 175--176
\OT1/ptm/m/n/8 ing, no mu-sic) - bu-san to Seoul, Ko-rea," YouTube,
 []


Underfull \hbox (badness 10000) in paragraph at lines 175--176
\OT1/ptm/m/n/8 https://www.youtube.com/watch?v=nABR88G[]2cE (ac-cessed Dec.
 []


Underfull \hbox (badness 10000) in paragraph at lines 177--178
[]\OT1/ptm/m/n/8 A. Rose-brock, \Zero-parameter, au-to-matic canny edge
 []


Underfull \hbox (badness 10000) in paragraph at lines 177--178
\OT1/ptm/m/n/8 de-tec-tion with python and opencv," Py-Im-age-Search,
 []


Underfull \hbox (badness 10000) in paragraph at lines 177--178
\OT1/ptm/m/n/8 https://pyimagesearch.com/2015/04/06/zero-parameter-automatic-
 []


Underfull \hbox (badness 10000) in paragraph at lines 177--178
\OT1/ptm/m/n/8 canny-edge-detection-with-python-and-opencv/ (ac-cessed Dec. 30,
 []


Underfull \hbox (badness 10000) in paragraph at lines 179--180
[]\OT1/ptm/m/n/8 \Hough Line trans-form," OpenCV,
 []


Underfull \hbox (badness 5036) in paragraph at lines 179--180
\OT1/ptm/m/n/8 https://docs.opencv.org/3.4/d9/db0/tutorial[]hough[]lines.html (ac-cessed
 []


Underfull \hbox (badness 10000) in paragraph at lines 181--182
[]\OT1/ptm/m/n/8 \Driver mon-i-tor-ing sys-tem," Wikipedia,
 []


Underfull \hbox (badness 10000) in paragraph at lines 181--182
\OT1/ptm/m/n/8 https://en.wikipedia.org/wiki/Driver[]monitoring[]system (ac-cessed
 []


Underfull \hbox (badness 3000) in paragraph at lines 187--188
[]\OT1/ptm/m/n/8 \Trained 68-Point Fa-cial Land-mark Model," Dlib C++ Li-brary,
 []


Underfull \hbox (badness 10000) in paragraph at lines 187--188
\OT1/ptm/m/n/8 http://dlib.net/files/shape[]predictor[]68[]face[]landmarks.dat.bz2
 []


Underfull \hbox (badness 10000) in paragraph at lines 189--190
\OT1/ptm/m/n/8 Geeks-forGeeks, https://www.geeksforgeeks.org/eye-blink-detection-
 []


Underfull \hbox (badness 10000) in paragraph at lines 191--192
[]\OT1/ptm/m/n/8 \CV::Simpleblobdetector class ref-er-ence," OpenCV,
 []


Underfull \hbox (badness 10000) in paragraph at lines 191--192
\OT1/ptm/m/n/8 https://docs.opencv.org/3.4/d0/d7a/classcv[]1[]1SimpleBlobDetector.html
 []


Underfull \hbox (badness 10000) in paragraph at lines 195--196
\OT1/ptm/m/n/8 Gaze," GitHub, https://github.com/GagandeepMalhotra/Building-a-
 []


Underfull \hbox (badness 10000) in paragraph at lines 197--198
\OT1/ptm/m/n/8 releases/how-audis-light-digitization-is-pointing-the-way-toward-the-
 []


Underfull \hbox (badness 1796) in paragraph at lines 199--200
[]\OT1/ptm/m/n/8 M. Dil-lon, \White Noise vs. Brown noise: Which one is best
 []


Underfull \hbox (badness 10000) in paragraph at lines 201--202
[]\OT1/ptm/m/n/8 Passport BMW, \How to per-fume the in-te-rior
 []


Underfull \hbox (badness 10000) in paragraph at lines 201--202
\OT1/ptm/m/n/8 of a BMW with Am-bi-ent Air Pack-age," BMW,
 []


Underfull \hbox (badness 10000) in paragraph at lines 201--202
\OT1/ptm/m/n/8 https://www.passportbmw.com/blogs/846/uncategorized/how-to-
 []


Underfull \hbox (badness 10000) in paragraph at lines 201--202
\OT1/ptm/m/n/8 perfume-the-interior-of-a-bmw-with-ambient-air-package/ (ac-cessed
 []


Underfull \hbox (badness 1502) in paragraph at lines 203--204
\OT1/ptm/m/n/8 WebMD, https://www.webmd.com/sleep-disorders/features/best-scents-
 []

[6]
Underfull \hbox (badness 1902) in paragraph at lines 211--212
\OT1/ptm/m/n/8 eye-tracking tech-nol-ogy to check driver at-ten-tive-ness could help
 []


Underfull \hbox (badness 7256) in paragraph at lines 211--212
\OT1/ptm/m/n/8 to sur-vey, https://www.prnewswire.com/apac/news-releases/majority-
 []


Underfull \hbox (badness 10000) in paragraph at lines 211--212
\OT1/ptm/m/n/8 of-uk-road-users-believe-new-eye-tracking-technology-to-check-driver-
 []


Underfull \hbox (badness 10000) in paragraph at lines 211--212
\OT1/ptm/m/n/8 attentiveness-could-help-improve-road-safety-but-public-awareness-
 []


Underfull \hbox (badness 5847) in paragraph at lines 211--212
\OT1/ptm/m/n/8 remains-low-according-to-survey-301838223.html (ac-cessed Jan. 4,
 []

(/usr/local/texlive/2023/texmf-dist/tex/latex/listings/lstlang1.sty
File: lstlang1.sty 2023/02/27 1.9 listings language file
)
LaTeX Font Info:    Trying to load font information for OMS+ptm on input line 279.
 (/usr/local/texlive/2023/texmf-dist/tex/latex/psnfss/omsptm.fd
File: omsptm.fd 
)
LaTeX Font Info:    Font shape `OMS/ptm/m/it' in size <5> not available
(Font)              Font shape `OMS/cmsy/m/n' tried instead on input line 279.
LaTeX Font Info:    Trying to load font information for OML+ptm on input line 349.
 (/usr/local/texlive/2023/texmf-dist/tex/latex/psnfss/omlptm.fd
File: omlptm.fd 
)
LaTeX Font Info:    Font shape `OML/ptm/m/n' in size <5> not available
(Font)              Font shape `OML/cmm/m/it' tried instead on input line 349.
 [7] [8] [9]

** Conference Paper **
Before submitting the final camera ready copy, remember to:

 1. Manually equalize the lengths of two columns on the last page
 of your paper;

 2. Ensure that any PostScript and/or PDF output post-processing
 uses only Type 1 fonts and that every step in the generation
 process uses the appropriate paper size.

[10] (./Y3890959_MV-HMI_Report.aux) ) 
Here is how much of TeX's memory you used:
 10955 strings out of 476025
 223706 string characters out of 5790018
 3073388 words of memory out of 5000000
 31304 multiletter control sequences out of 15000+600000
 547949 words of font info for 95 fonts, out of 8000000 for 9000
 1141 hyphenation exceptions out of 8191
 73i,8n,77p,1752b,1782s stack positions out of 10000i,1000n,20000p,200000b,200000s
</usr/local/texlive/2023/texmf-dist/fonts/type1/public/amsfonts/cm/cmmi10.pfb></usr/local/texlive/2023/texmf-dist/fonts/type1/public/amsfonts/cm/cmmi5.pfb></usr/local/texlive/2023/texmf-dist/fonts/type1/public/amsfonts/cm/cmr10.pfb></usr/local/texlive/2023/texmf-dist/fonts/type1/public/amsfonts/cm/cmsy5.pfb></usr/local/texlive/2023/texmf-dist/fonts/type1/urw/times/utmb8a.pfb></usr/local/texlive/2023/texmf-dist/fonts/type1/urw/times/utmbi8a.pfb></usr/local/texlive/2023/texmf-dist/fonts/type1/urw/times/utmr8a.pfb></usr/local/texlive/2023/texmf-dist/fonts/type1/urw/times/utmri8a.pfb>
Output written on Y3890959_MV-HMI_Report.pdf (10 pages, 1987874 bytes).
PDF statistics:
 95 PDF objects out of 1000 (max. 8388607)
 50 compressed objects within 1 object stream
 0 named destinations out of 1000 (max. 500000)
 41 words of extra memory for PDF output out of 10000 (max. 10000000)

